<?xml version="1.0" encoding="UTF-8"?>
<!-- Generated by org.testng.reporters.JUnitXMLReporter -->
<testsuite ignored="0" hostname="spb-nb-576" failures="4" tests="5" name="Surefire test" time="11.782" errors="0" timestamp="23 апр. 2022 20:19:05 GMT">
  <testcase classname="users.allUsersTest" name="GetAllUsers" time="0.594"/>
  <testcase classname="users.allUsersTest" name="GetAllUsersSchemaTest" time="0.184">
    <failure type="java.lang.IllegalArgumentException" message="Schema to use cannot be null">
      <![CDATA[java.lang.IllegalArgumentException: Schema to use cannot be null
	at io.restassured.module.jsv.JsonSchemaValidator.validateSchemaIsNotNull(JsonSchemaValidator.java:270)
	at io.restassured.module.jsv.JsonSchemaValidator.access$300(JsonSchemaValidator.java:75)
	at io.restassured.module.jsv.JsonSchemaValidator$JsonSchemaValidatorFactory.create(JsonSchemaValidator.java:281)
	at io.restassured.module.jsv.JsonSchemaValidator.matchesJsonSchema(JsonSchemaValidator.java:166)
	at io.restassured.module.jsv.JsonSchemaValidator.matchesJsonSchemaInClasspath(JsonSchemaValidator.java:117)
	at users.allUsersTest.GetAllUsersSchemaTest(allUsersTest.java:42)
... Removed 29 stack frames]]>
    </failure>
  </testcase> <!-- GetAllUsersSchemaTest -->
  <testcase classname="users.userCardTest" name="GetFirstUsersCard" time="0.428">
    <failure type="java.lang.AssertionError" message="2 expectations failed.
JSON path name doesn&amp;apos;t match.
Expected: is &amp;quot;Валентин Медведев0&amp;quot;
  Actual: Валентин Медведев

JSON path grade doesn&amp;apos;t match.
Expected: is &amp;quot;Студент потока 0&amp;quot;
  Actual: Студент
">
      <![CDATA[java.lang.AssertionError: 2 expectations failed.
JSON path name doesn't match.
Expected: is "Валентин Медведев0"
  Actual: Валентин Медведев

JSON path grade doesn't match.
Expected: is "Студент потока 0"
  Actual: Студент

	at org.codehaus.groovy.runtime.callsite.ConstructorSite$ConstructorSiteNoUnwrap.callConstructor(ConstructorSite.java:84)
	at org.codehaus.groovy.runtime.callsite.CallSiteArray.defaultCallConstructor(CallSiteArray.java:59)
	at org.codehaus.groovy.runtime.callsite.AbstractCallSite.callConstructor(AbstractCallSite.java:238)
	at org.codehaus.groovy.runtime.callsite.AbstractCallSite.callConstructor(AbstractCallSite.java:250)
	at io.restassured.internal.ResponseSpecificationImpl$HamcrestAssertionClosure.validate(ResponseSpecificationImpl.groovy:494)
	at io.restassured.internal.ResponseSpecificationImpl$HamcrestAssertionClosure$validate$1.call(Unknown Source)
	at io.restassured.internal.ResponseSpecificationImpl.validateResponseIfRequired(ResponseSpecificationImpl.groovy:656)
	at org.codehaus.groovy.runtime.callsite.PogoMetaMethodSite$PogoCachedMethodSiteNoUnwrapNoCoerce.invoke(PogoMetaMethodSite.java:210)
	at org.codehaus.groovy.runtime.callsite.PogoMetaMethodSite.callCurrent(PogoMetaMethodSite.java:59)
	at org.codehaus.groovy.runtime.callsite.AbstractCallSite.callCurrent(AbstractCallSite.java:169)
	at io.restassured.internal.ResponseSpecificationImpl.content(ResponseSpecificationImpl.groovy:277)
	at io.restassured.specification.ResponseSpecification$content$1.callCurrent(Unknown Source)
	at org.codehaus.groovy.runtime.callsite.CallSiteArray.defaultCallCurrent(CallSiteArray.java:51)
	at io.restassured.specification.ResponseSpecification$content$1.callCurrent(Unknown Source)
	at io.restassured.internal.ResponseSpecificationImpl.body(ResponseSpecificationImpl.groovy:260)
	at io.restassured.internal.ValidatableResponseOptionsImpl.body(ValidatableResponseOptionsImpl.java:274)
	at users.userCardTest.GetFirstUsersCard(userCardTest.java:51)
... Removed 40 stack frames]]>
    </failure>
  </testcase> <!-- GetFirstUsersCard -->
  <testcase classname="users.userCardTest" name="GetLastUsersCard" time="0.267">
    <failure type="java.lang.AssertionError" message="2 expectations failed.
JSON path name doesn&amp;apos;t match.
Expected: is &amp;quot;Валентин Медведев299&amp;quot;
  Actual: Валентин Медведев

JSON path grade doesn&amp;apos;t match.
Expected: is &amp;quot;Студент потока 299&amp;quot;
  Actual: Студент
">
      <![CDATA[java.lang.AssertionError: 2 expectations failed.
JSON path name doesn't match.
Expected: is "Валентин Медведев299"
  Actual: Валентин Медведев

JSON path grade doesn't match.
Expected: is "Студент потока 299"
  Actual: Студент

	at org.codehaus.groovy.runtime.callsite.ConstructorSite$ConstructorSiteNoUnwrap.callConstructor(ConstructorSite.java:84)
	at org.codehaus.groovy.runtime.callsite.AbstractCallSite.callConstructor(AbstractCallSite.java:250)
	at io.restassured.internal.ResponseSpecificationImpl$HamcrestAssertionClosure.validate(ResponseSpecificationImpl.groovy:494)
	at io.restassured.internal.ResponseSpecificationImpl$HamcrestAssertionClosure$validate$1.call(Unknown Source)
	at io.restassured.internal.ResponseSpecificationImpl.validateResponseIfRequired(ResponseSpecificationImpl.groovy:656)
	at org.codehaus.groovy.runtime.callsite.PogoMetaMethodSite$PogoCachedMethodSiteNoUnwrapNoCoerce.invoke(PogoMetaMethodSite.java:210)
	at org.codehaus.groovy.runtime.callsite.PogoMetaMethodSite.callCurrent(PogoMetaMethodSite.java:59)
	at org.codehaus.groovy.runtime.callsite.AbstractCallSite.callCurrent(AbstractCallSite.java:169)
	at io.restassured.internal.ResponseSpecificationImpl.content(ResponseSpecificationImpl.groovy:277)
	at io.restassured.specification.ResponseSpecification$content$1.callCurrent(Unknown Source)
	at io.restassured.internal.ResponseSpecificationImpl.body(ResponseSpecificationImpl.groovy:260)
	at io.restassured.internal.ValidatableResponseOptionsImpl.body(ValidatableResponseOptionsImpl.java:274)
	at users.userCardTest.GetLastUsersCard(userCardTest.java:60)
... Removed 40 stack frames]]>
    </failure>
  </testcase> <!-- GetLastUsersCard -->
  <testcase classname="users.userCardTest" name="JsonSchemaTest" time="0.157">
    <failure type="java.lang.IllegalArgumentException" message="Schema to use cannot be null">
      <![CDATA[java.lang.IllegalArgumentException: Schema to use cannot be null
	at io.restassured.module.jsv.JsonSchemaValidator.validateSchemaIsNotNull(JsonSchemaValidator.java:270)
	at io.restassured.module.jsv.JsonSchemaValidator.access$300(JsonSchemaValidator.java:75)
	at io.restassured.module.jsv.JsonSchemaValidator$JsonSchemaValidatorFactory.create(JsonSchemaValidator.java:281)
	at io.restassured.module.jsv.JsonSchemaValidator.matchesJsonSchema(JsonSchemaValidator.java:166)
	at io.restassured.module.jsv.JsonSchemaValidator.matchesJsonSchemaInClasspath(JsonSchemaValidator.java:117)
	at users.userCardTest.JsonSchemaTest(userCardTest.java:70)
... Removed 29 stack frames]]>
    </failure>
  </testcase> <!-- JsonSchemaTest -->
</testsuite> <!-- Surefire test -->
